{"message":"Bookmark with id 0 deleted.","level":"info"}
{"message":"Bookmark with id 9389f9ae-2140-4cc9-9b05-d574540b220e created","level":"info"}
{"message":"Bookmark with id 9389f9ae-2140-4cc9-9b05-d574540b220e deleted.","level":"info"}
{"message":"Bookmark with id ee9dd16f-edc2-4f7d-8b34-ce1b75a7a242 created","level":"info"}
{"message":"Unauthorized request to path /","level":"error"}
{"message":"Unauthorized request to path /","level":"error"}
{"message":"Unauthorized request to path /bookmarks","level":"error"}
{"message":"Unauthorized request to path /bookmarks","level":"error"}
{"message":"Unauthorized request to path /bookmarks/0","level":"error"}
{"message":"Unauthorized request to path /bookmarks/0","level":"error"}
{"message":"Unauthorized request to path /bookmarks","level":"error"}
{"message":"Unauthorized request to path /bookmarks","level":"error"}
{"message":"Unauthorized request to path /bookmarks/0","level":"error"}
{"message":"Unauthorized request to path /bookmarks/0","level":"error"}
{"message":"Unauthorized request to path /bookmarks","level":"error"}
{"message":"Unauthorized request to path /bookmarks","level":"error"}
{"message":"Unauthorized request to path /bookmarks/0","level":"error"}
{"message":"Unauthorized request to path /bookmarks/0","level":"error"}
{"message":"Bookmark with id BOOKMARK_DOESN'T_EXIST not found","level":"error"}
{"message":"Unauthorized request to path /bookmarks","level":"error"}
{"message":"Unauthorized request to path /bookmarks","level":"error"}
{"message":"Unauthorized request to path /bookmarks/0","level":"error"}
{"message":"Unauthorized request to path /bookmarks/0","level":"error"}
{"message":"Bookmark with id BOOKMARK_DOESN'T_EXIST not found","level":"error"}
{"message":"Unauthorized request to path /bookmarks","level":"error"}
{"message":"Unauthorized request to path /bookmarks","level":"error"}
{"message":"Unauthorized request to path /bookmarks/0","level":"error"}
{"message":"Unauthorized request to path /bookmarks/0","level":"error"}
{"message":"Bookmark with id BOOKMARK_DOESN'T_EXIST not found","level":"error"}
{"message":"Unauthorized request to path /bookmarks","level":"error"}
{"message":"Unauthorized request to path /bookmarks","level":"error"}
{"message":"Unauthorized request to path /bookmarks","level":"error"}
{"message":"Unauthorized request to path /bookmarks","level":"error"}
{"message":"Unauthorized request to path /bookmarks","level":"error"}
{"message":"Unauthorized request to path /bookmarks","level":"error"}
{"message":"Unauthorized request to path /bookmarks/0","level":"error"}
{"message":"Unauthorized request to path /bookmarks/0","level":"error"}
{"message":"Bookmark with id BOOKMARK_DOESN'T_EXIST not found","level":"error"}
{"message":"Bookmark with id 0 deleted.","level":"info"}
{"message":"Unauthorized request to path /bookmarks","level":"error"}
{"message":"Unauthorized request to path /bookmarks","level":"error"}
{"message":"Unauthorized request to path /bookmarks/0","level":"error"}
{"message":"Unauthorized request to path /bookmarks/0","level":"error"}
{"message":"Bookmark with id BOOKMARK_DOESN'T_EXIST not found","level":"error"}
{"message":"Bookmark with id 0 deleted.","level":"info"}
{"message":"Unauthorized request to path /bookmarks","level":"error"}
{"message":"Unauthorized request to path /bookmarks","level":"error"}
{"message":"Unauthorized request to path /bookmarks/0","level":"error"}
{"message":"Unauthorized request to path /bookmarks/0","level":"error"}
{"message":"Bookmark with id BOOKMARK_DOESN'T_EXIST not found","level":"error"}
{"message":"Unauthorized request to path /bookmarks","level":"error"}
{"message":"Unauthorized request to path /bookmarks","level":"error"}
{"message":"Unauthorized request to path /bookmarks/0","level":"error"}
{"message":"Unauthorized request to path /bookmarks/0","level":"error"}
{"message":"Bookmark with id BOOKMARK_DOESN'T_EXIST not found","level":"error"}
{"message":"Unauthorized request to path /bookmarks","level":"error"}
{"message":"Unauthorized request to path /bookmarks","level":"error"}
{"message":"Unauthorized request to path /bookmarks/0","level":"error"}
{"message":"Unauthorized request to path /bookmarks/0","level":"error"}
{"message":"Bookmark with id BOOKMARK_DOESN'T_EXIST not found","level":"error"}
{"message":"Unauthorized request to path /bookmarks","level":"error"}
{"message":"Unauthorized request to path /bookmarks","level":"error"}
{"message":"Unauthorized request to path /bookmarks/0","level":"error"}
{"message":"Unauthorized request to path /bookmarks/0","level":"error"}
{"message":"Bookmark with id BOOKMARK_DOESN'T_EXIST not found","level":"error"}
{"message":"Bookmark with id 0 deleted.","level":"info"}
{"message":"Unauthorized request to path /bookmarks","level":"error"}
{"message":"Unauthorized request to path /bookmarks","level":"error"}
{"message":"Unauthorized request to path /bookmarks/0","level":"error"}
{"message":"Unauthorized request to path /bookmarks/0","level":"error"}
{"message":"Bookmark with id BOOKMARK_DOESN'T_EXIST not found","level":"error"}
{"message":"Bookmark with id 1 deleted.","level":"info"}
{"message":"Unauthorized request to path /bookmarks","level":"error"}
{"message":"Unauthorized request to path /bookmarks","level":"error"}
{"message":"Unauthorized request to path /bookmarks/0","level":"error"}
{"message":"Unauthorized request to path /bookmarks/0","level":"error"}
{"message":"Bookmark with id BOOKMARK_DOESN'T_EXIST not found","level":"error"}
{"message":"Bookmark with id 0 deleted.","level":"info"}
{"message":"Unauthorized request to path /bookmarks","level":"error"}
{"message":"Unauthorized request to path /bookmarks","level":"error"}
{"message":"Unauthorized request to path /bookmarks/0","level":"error"}
{"message":"Unauthorized request to path /bookmarks/0","level":"error"}
{"message":"Bookmark with id BOOKMARK_DOESN'T_EXIST not found","level":"error"}
{"message":"Unauthorized request to path /bookmarks","level":"error"}
{"message":"Unauthorized request to path /bookmarks","level":"error"}
{"message":"Unauthorized request to path /bookmarks/0","level":"error"}
{"message":"Unauthorized request to path /bookmarks/0","level":"error"}
{"message":"Bookmark with id BOOKMARK_DOESN'T_EXIST not found","level":"error"}
{"message":"Unauthorized request to path /bookmarks","level":"error"}
{"message":"Unauthorized request to path /bookmarks","level":"error"}
{"message":"Unauthorized request to path /bookmarks/0","level":"error"}
{"message":"Unauthorized request to path /bookmarks/0","level":"error"}
{"message":"Bookmark with id BOOKMARK_DOESN'T_EXIST not found","level":"error"}
{"message":"Unauthorized request to path /bookmarks","level":"error"}
{"message":"Unauthorized request to path /bookmarks","level":"error"}
{"message":"Unauthorized request to path /bookmarks/0","level":"error"}
{"message":"Unauthorized request to path /bookmarks/0","level":"error"}
{"message":"Bookmark with id BOOKMARK_DOESN'T_EXIST not found","level":"error"}
{"message":"Title is required","level":"error"}
{"message":"Unauthorized request to path /bookmarks","level":"error"}
{"message":"Unauthorized request to path /bookmarks","level":"error"}
{"message":"Unauthorized request to path /bookmarks/0","level":"error"}
{"message":"Unauthorized request to path /bookmarks/0","level":"error"}
{"message":"Bookmark with id BOOKMARK_DOESN'T_EXIST not found","level":"error"}
{"message":"Title is required","level":"error"}
{"message":"Unauthorized request to path /bookmarks","level":"error"}
{"message":"Unauthorized request to path /bookmarks","level":"error"}
{"message":"Unauthorized request to path /bookmarks/0","level":"error"}
{"message":"Unauthorized request to path /bookmarks/0","level":"error"}
{"message":"Bookmark with id BOOKMARK_DOESN'T_EXIST not found","level":"error"}
{"message":"Title is required","level":"error"}
{"message":"Unauthorized request to path /bookmarks","level":"error"}
{"message":"Unauthorized request to path /bookmarks","level":"error"}
{"message":"Unauthorized request to path /bookmarks/0","level":"error"}
{"message":"Unauthorized request to path /bookmarks/0","level":"error"}
{"message":"Bookmark with id BOOKMARK_DOESN'T_EXIST not found","level":"error"}
{"message":"Title is required","level":"error"}
{"message":"URL is required","level":"error"}
{"message":"Unauthorized request to path /bookmarks","level":"error"}
{"message":"Unauthorized request to path /bookmarks","level":"error"}
{"message":"Unauthorized request to path /bookmarks/0","level":"error"}
{"message":"Unauthorized request to path /bookmarks/0","level":"error"}
{"message":"Bookmark with id BOOKMARK_DOESN'T_EXIST not found","level":"error"}
{"message":"Title is required","level":"error"}
{"message":"URL is required","level":"error"}
{"message":"Rating is required","level":"error"}
{"message":"Unauthorized request to path /bookmarks","level":"error"}
{"message":"Unauthorized request to path /bookmarks","level":"error"}
{"message":"Unauthorized request to path /bookmarks/0","level":"error"}
{"message":"Unauthorized request to path /bookmarks/0","level":"error"}
{"message":"Bookmark with id BOOKMARK_DOESN'T_EXIST not found","level":"error"}
{"message":"Title is required","level":"error"}
{"message":"URL is required","level":"error"}
{"message":"Rating is required","level":"error"}
{"message":"Rating -1 supplied is invalid","level":"error"}
{"message":"Unauthorized request to path /bookmarks","level":"error"}
{"message":"Unauthorized request to path /bookmarks","level":"error"}
{"message":"Unauthorized request to path /bookmarks/0","level":"error"}
{"message":"Unauthorized request to path /bookmarks/0","level":"error"}
{"message":"Bookmark with id BOOKMARK_DOESN'T_EXIST not found","level":"error"}
{"message":"Title is required","level":"error"}
{"message":"URL is required","level":"error"}
{"message":"Rating is required","level":"error"}
{"message":"Rating -1 supplied is invalid","level":"error"}
{"message":"Unauthorized request to path /bookmarks","level":"error"}
{"message":"Unauthorized request to path /bookmarks","level":"error"}
{"message":"Unauthorized request to path /bookmarks/0","level":"error"}
{"message":"Unauthorized request to path /bookmarks/0","level":"error"}
{"message":"Bookmark with id BOOKMARK_DOESN'T_EXIST not found","level":"error"}
{"message":"Title is required","level":"error"}
{"message":"URL is required","level":"error"}
{"message":"Rating is required","level":"error"}
{"message":"Rating -1 supplied is invalid","level":"error"}
{"message":"URL testplace.com supplied is invalid","level":"error"}
{"message":"Unauthorized request to path /bookmarks","level":"error"}
{"message":"Unauthorized request to path /bookmarks","level":"error"}
{"message":"Unauthorized request to path /bookmarks/0","level":"error"}
{"message":"Unauthorized request to path /bookmarks/0","level":"error"}
{"message":"Bookmark with id BOOKMARK_DOESN'T_EXIST not found","level":"error"}
{"message":"Title is required","level":"error"}
{"message":"URL is required","level":"error"}
{"message":"Rating is required","level":"error"}
{"message":"Rating -1 supplied is invalid","level":"error"}
{"message":"URL testplace.com supplied is invalid","level":"error"}
{"message":"Unauthorized request to path /bookmarks","level":"error"}
{"message":"Unauthorized request to path /bookmarks","level":"error"}
{"message":"Unauthorized request to path /bookmarks/0","level":"error"}
{"message":"Unauthorized request to path /bookmarks/0","level":"error"}
{"message":"Bookmark with id BOOKMARK_DOESN'T_EXIST not found","level":"error"}
{"message":"Title is required","level":"error"}
{"message":"URL is required","level":"error"}
{"message":"Rating is required","level":"error"}
{"message":"Rating -1 supplied is invalid","level":"error"}
{"message":"URL testplace.com supplied is invalid","level":"error"}
{"message":"Unauthorized request to path /bookmarks","level":"error"}
{"message":"Unauthorized request to path /bookmarks","level":"error"}
{"message":"Unauthorized request to path /bookmarks/0","level":"error"}
{"message":"Unauthorized request to path /bookmarks/0","level":"error"}
{"message":"Bookmark with id BOOKMARK_DOESN'T_EXIST not found","level":"error"}
{"message":"Title is required","level":"error"}
{"message":"URL is required","level":"error"}
{"message":"Rating is required","level":"error"}
{"message":"Rating -1 supplied is invalid","level":"error"}
{"message":"URL testplace.com supplied is invalid","level":"error"}
{"message":"URL testplace.com supplied is invalid","level":"error"}
{"message":"Unauthorized request to path /bookmarks","level":"error"}
{"message":"Unauthorized request to path /bookmarks","level":"error"}
{"message":"Unauthorized request to path /bookmarks/0","level":"error"}
{"message":"Unauthorized request to path /bookmarks/0","level":"error"}
{"message":"Bookmark with id BOOKMARK_DOESN'T_EXIST not found","level":"error"}
{"message":"Title is required","level":"error"}
{"message":"URL is required","level":"error"}
{"message":"Rating is required","level":"error"}
{"message":"Rating -1 supplied is invalid","level":"error"}
{"message":"URL testplace.com supplied is invalid","level":"error"}
{"message":"Bookmark with id ff82b2cf-4564-4a0d-944a-302063324589 created","level":"info"}
{"message":"Unauthorized request to path /bookmarks","level":"error"}
{"message":"Unauthorized request to path /bookmarks","level":"error"}
{"message":"Unauthorized request to path /bookmarks/0","level":"error"}
{"message":"Unauthorized request to path /bookmarks/0","level":"error"}
{"message":"Bookmark with id BOOKMARK_DOESN'T_EXIST not found","level":"error"}
{"message":"Title is required","level":"error"}
{"message":"URL is required","level":"error"}
{"message":"Rating is required","level":"error"}
{"message":"Rating -1 supplied is invalid","level":"error"}
{"message":"URL testplace.com supplied is invalid","level":"error"}
{"message":"Bookmark with id e624476c-8e19-4aed-bd9c-6944fa70a3fa created","level":"info"}
{"message":"Unauthorized request to path /bookmarks","level":"error"}
{"message":"Unauthorized request to path /bookmarks","level":"error"}
{"message":"Unauthorized request to path /bookmarks/0","level":"error"}
{"message":"Unauthorized request to path /bookmarks/0","level":"error"}
{"message":"Bookmark with id BOOKMARK_DOESN'T_EXIST not found","level":"error"}
{"message":"Title is required","level":"error"}
{"message":"URL is required","level":"error"}
{"message":"Rating is required","level":"error"}
{"message":"Rating -1 supplied is invalid","level":"error"}
{"message":"URL testplace.com supplied is invalid","level":"error"}
{"message":"Bookmark with id dd01d64b-62df-4c63-8de6-bf0fefab72c2 created","level":"info"}
{"message":"Unauthorized request to path /bookmarks","level":"error"}
{"message":"Unauthorized request to path /bookmarks","level":"error"}
{"message":"Unauthorized request to path /bookmarks/0","level":"error"}
{"message":"Unauthorized request to path /bookmarks/0","level":"error"}
{"message":"Bookmark with id BOOKMARK_DOESN'T_EXIST not found","level":"error"}
{"message":"Title is required","level":"error"}
{"message":"URL is required","level":"error"}
{"message":"Rating is required","level":"error"}
{"message":"Rating -1 supplied is invalid","level":"error"}
{"message":"URL testplace.com supplied is invalid","level":"error"}
{"message":"Bookmark with id 4326c694-e959-468a-9a41-00003b8760f1 created","level":"info"}
{"message":"Unauthorized request to path /bookmarks","level":"error"}
{"message":"Unauthorized request to path /bookmarks","level":"error"}
{"message":"Unauthorized request to path /bookmarks/0","level":"error"}
{"message":"Unauthorized request to path /bookmarks/0","level":"error"}
{"message":"Bookmark with id BOOKMARK_DOESN'T_EXIST not found","level":"error"}
{"message":"Title is required","level":"error"}
{"message":"URL is required","level":"error"}
{"message":"Rating is required","level":"error"}
{"message":"Rating -1 supplied is invalid","level":"error"}
{"message":"URL testplace.com supplied is invalid","level":"error"}
{"message":"Bookmark with id 02c19445-83c8-4c28-911a-ec33cbe46dfd created","level":"info"}
{"message":"Unauthorized request to path /bookmarks","level":"error"}
{"message":"Unauthorized request to path /bookmarks","level":"error"}
{"message":"Unauthorized request to path /bookmarks/0","level":"error"}
{"message":"Unauthorized request to path /bookmarks/0","level":"error"}
{"message":"Bookmark with id BOOKMARK_DOESN'T_EXIST not found","level":"error"}
{"message":"Title is required","level":"error"}
{"message":"URL is required","level":"error"}
{"message":"Rating is required","level":"error"}
{"message":"Rating -1 supplied is invalid","level":"error"}
{"message":"URL testplace.com supplied is invalid","level":"error"}
{"message":"Bookmark with id c9603660-9f44-4a74-908f-d6c54edb9090 created","level":"info"}
{"message":"Unauthorized request to path /bookmarks","level":"error"}
{"message":"Unauthorized request to path /bookmarks","level":"error"}
{"message":"Unauthorized request to path /bookmarks/0","level":"error"}
{"message":"Unauthorized request to path /bookmarks/0","level":"error"}
{"message":"Bookmark with id BOOKMARK_DOESN'T_EXIST not found","level":"error"}
{"message":"Title is required","level":"error"}
{"message":"URL is required","level":"error"}
{"message":"Rating is required","level":"error"}
{"message":"Rating -1 supplied is invalid","level":"error"}
{"message":"URL testplace.com supplied is invalid","level":"error"}
{"message":"Bookmark with id f4e7ba38-1fc3-4250-ae80-410af8ea2db5 created","level":"info"}
{"message":"Unauthorized request to path /bookmarks","level":"error"}
{"message":"Unauthorized request to path /bookmarks","level":"error"}
{"message":"Unauthorized request to path /bookmarks/0","level":"error"}
{"message":"Unauthorized request to path /bookmarks/0","level":"error"}
{"message":"Bookmark with id BOOKMARK_DOESN'T_EXIST not found","level":"error"}
{"message":"Title is required","level":"error"}
{"message":"URL is required","level":"error"}
{"message":"Rating is required","level":"error"}
{"message":"Rating -1 supplied is invalid","level":"error"}
{"message":"URL testplace.com supplied is invalid","level":"error"}
{"message":"Bookmark with id b7ef6d68-491d-4332-9b4f-015d711b087a created","level":"info"}
{"message":"Unauthorized request to path /bookmarks","level":"error"}
{"message":"Unauthorized request to path /bookmarks","level":"error"}
{"message":"Unauthorized request to path /bookmarks/0","level":"error"}
{"message":"Unauthorized request to path /bookmarks/0","level":"error"}
{"message":"Bookmark with id BOOKMARK_DOESN'T_EXIST not found","level":"error"}
{"message":"Title is required","level":"error"}
{"message":"URL is required","level":"error"}
{"message":"Rating is required","level":"error"}
{"message":"Rating -1 supplied is invalid","level":"error"}
{"message":"URL testplace.com supplied is invalid","level":"error"}
{"message":"Bookmark with id 1a16d916-8c97-48ad-a3f4-9de4c5415257 created","level":"info"}
{"message":"Unauthorized request to path /bookmarks","level":"error"}
{"message":"Unauthorized request to path /bookmarks","level":"error"}
{"message":"Unauthorized request to path /bookmarks/0","level":"error"}
{"message":"Unauthorized request to path /bookmarks/0","level":"error"}
{"message":"Bookmark with id BOOKMARK_DOESN'T_EXIST not found","level":"error"}
{"message":"Title is required","level":"error"}
{"message":"URL is required","level":"error"}
{"message":"Rating is required","level":"error"}
{"message":"Rating -1 supplied is invalid","level":"error"}
{"message":"URL testplace.com supplied is invalid","level":"error"}
{"message":"Bookmark with id 30317e10-92b3-4f8a-8b7b-b93a699b49c1 created","level":"info"}
{"message":"Unauthorized request to path /bookmarks","level":"error"}
{"message":"Unauthorized request to path /bookmarks","level":"error"}
{"message":"Unauthorized request to path /bookmarks/0","level":"error"}
{"message":"Unauthorized request to path /bookmarks/0","level":"error"}
{"message":"Bookmark with id BOOKMARK_DOESN'T_EXIST not found","level":"error"}
{"message":"Title is required","level":"error"}
{"message":"URL is required","level":"error"}
{"message":"Rating is required","level":"error"}
{"message":"Rating -1 supplied is invalid","level":"error"}
{"message":"URL testplace.com supplied is invalid","level":"error"}
{"message":"Bookmark with id b70e22f5-3155-4f28-ab23-45b112fed1c0 created","level":"info"}
{"message":"Unauthorized request to path /bookmarks","level":"error"}
{"message":"Unauthorized request to path /bookmarks","level":"error"}
{"message":"Unauthorized request to path /bookmarks/0","level":"error"}
{"message":"Unauthorized request to path /bookmarks/0","level":"error"}
{"message":"Bookmark with id BOOKMARK_DOESN'T_EXIST not found","level":"error"}
{"message":"Title is required","level":"error"}
{"message":"URL is required","level":"error"}
{"message":"Rating is required","level":"error"}
{"message":"Rating -1 supplied is invalid","level":"error"}
{"message":"URL testplace.com supplied is invalid","level":"error"}
{"message":"Bookmark with id 16c305e9-fe42-4e90-b39d-174d121ea79c created","level":"info"}
{"message":"Unauthorized request to path /bookmarks","level":"error"}
{"message":"Unauthorized request to path /bookmarks","level":"error"}
{"message":"Unauthorized request to path /bookmarks/0","level":"error"}
{"message":"Unauthorized request to path /bookmarks/0","level":"error"}
{"message":"Bookmark with id BOOKMARK_DOESN'T_EXIST not found","level":"error"}
{"message":"Title is required","level":"error"}
{"message":"URL is required","level":"error"}
{"message":"Rating is required","level":"error"}
{"message":"Rating -1 supplied is invalid","level":"error"}
{"message":"URL testplace.com supplied is invalid","level":"error"}
{"message":"Bookmark with id 465bc0f2-be69-424b-94cc-93963153c1d1 created","level":"info"}
{"message":"Unauthorized request to path /bookmarks","level":"error"}
{"message":"Unauthorized request to path /bookmarks","level":"error"}
{"message":"Unauthorized request to path /bookmarks/0","level":"error"}
{"message":"Unauthorized request to path /bookmarks/0","level":"error"}
{"message":"Bookmark with id BOOKMARK_DOESN'T_EXIST not found","level":"error"}
{"message":"Title is required","level":"error"}
{"message":"URL is required","level":"error"}
{"message":"Rating is required","level":"error"}
{"message":"Rating -1 supplied is invalid","level":"error"}
{"message":"URL testplace.com supplied is invalid","level":"error"}
{"message":"Bookmark with id 507c74f7-a0d9-44f6-8cfe-d06339075619 created","level":"info"}
{"message":"Unauthorized request to path /bookmarks","level":"error"}
{"message":"Unauthorized request to path /bookmarks","level":"error"}
{"message":"Unauthorized request to path /bookmarks/0","level":"error"}
{"message":"Unauthorized request to path /bookmarks/0","level":"error"}
{"message":"Bookmark with id BOOKMARK_DOESN'T_EXIST not found","level":"error"}
{"message":"Title is required","level":"error"}
{"message":"URL is required","level":"error"}
{"message":"Rating is required","level":"error"}
{"message":"Rating -1 supplied is invalid","level":"error"}
{"message":"URL testplace.com supplied is invalid","level":"error"}
{"message":"Bookmark with id bf7627b4-bac9-4e27-9454-b8d48b6f6529 created","level":"info"}
{"message":"Unauthorized request to path /bookmarks","level":"error"}
{"message":"Unauthorized request to path /bookmarks","level":"error"}
{"message":"Unauthorized request to path /bookmarks/0","level":"error"}
{"message":"Unauthorized request to path /bookmarks/0","level":"error"}
{"message":"Bookmark with id BOOKMARK_DOESN'T_EXIST not found","level":"error"}
{"message":"Title is required","level":"error"}
{"message":"URL is required","level":"error"}
{"message":"Rating is required","level":"error"}
{"message":"Rating -1 supplied is invalid","level":"error"}
{"message":"URL testplace.com supplied is invalid","level":"error"}
{"message":"Bookmark with id 7c113e95-9422-410d-8256-28c6f4522126 created","level":"info"}
{"message":"Unauthorized request to path /bookmarks","level":"error"}
{"message":"Unauthorized request to path /bookmarks","level":"error"}
{"message":"Unauthorized request to path /bookmarks/0","level":"error"}
{"message":"Unauthorized request to path /bookmarks/0","level":"error"}
{"message":"Bookmark with id BOOKMARK_DOESN'T_EXIST not found","level":"error"}
{"message":"Title is required","level":"error"}
{"message":"URL is required","level":"error"}
{"message":"Rating is required","level":"error"}
{"message":"Rating -1 supplied is invalid","level":"error"}
{"message":"URL testplace.com supplied is invalid","level":"error"}
{"message":"Bookmark with id 8d046fc0-3bf7-4b2f-82d0-a3c2dfd1ee9d created","level":"info"}
{"message":"Unauthorized request to path /bookmarks","level":"error"}
{"message":"Unauthorized request to path /bookmarks","level":"error"}
{"message":"Unauthorized request to path /bookmarks/0","level":"error"}
{"message":"Unauthorized request to path /bookmarks/0","level":"error"}
{"message":"Bookmark with id BOOKMARK_DOESN'T_EXIST not found","level":"error"}
{"message":"Title is required","level":"error"}
{"message":"URL is required","level":"error"}
{"message":"Rating is required","level":"error"}
{"message":"Rating -1 supplied is invalid","level":"error"}
{"message":"URL testplace.com supplied is invalid","level":"error"}
{"message":"Bookmark with id edee5c33-208d-4065-ad66-36701c030ab6 created","level":"info"}
{"message":"Unauthorized request to path /bookmarks","level":"error"}
{"message":"Unauthorized request to path /bookmarks","level":"error"}
{"message":"Unauthorized request to path /bookmarks/0","level":"error"}
{"message":"Unauthorized request to path /bookmarks/0","level":"error"}
{"message":"Bookmark with id BOOKMARK_DOESN'T_EXIST not found","level":"error"}
{"message":"Title is required","level":"error"}
{"message":"URL is required","level":"error"}
{"message":"Rating is required","level":"error"}
{"message":"Rating -1 supplied is invalid","level":"error"}
{"message":"URL testplace.com supplied is invalid","level":"error"}
{"message":"Bookmark with id 1d7e4850-e451-4f82-a4a9-31594ffa6329 created","level":"info"}
{"message":"Unauthorized request to path /bookmarks","level":"error"}
{"message":"Unauthorized request to path /bookmarks","level":"error"}
{"message":"Unauthorized request to path /bookmarks/0","level":"error"}
{"message":"Unauthorized request to path /bookmarks/0","level":"error"}
{"message":"Bookmark with id BOOKMARK_DOESN'T_EXIST not found","level":"error"}
{"message":"Title is required","level":"error"}
{"message":"URL is required","level":"error"}
{"message":"Rating is required","level":"error"}
{"message":"Rating -1 supplied is invalid","level":"error"}
{"message":"URL testplace.com supplied is invalid","level":"error"}
{"message":"Bookmark with id a6c80dec-ab00-4e79-88c1-20035974618e created","level":"info"}
{"message":"Unauthorized request to path /bookmarks","level":"error"}
{"message":"Unauthorized request to path /bookmarks","level":"error"}
{"message":"Unauthorized request to path /bookmarks/0","level":"error"}
{"message":"Unauthorized request to path /bookmarks/0","level":"error"}
{"message":"Bookmark with id BOOKMARK_DOESN'T_EXIST not found","level":"error"}
{"message":"Title is required","level":"error"}
{"message":"URL is required","level":"error"}
{"message":"Rating is required","level":"error"}
{"message":"Rating -1 supplied is invalid","level":"error"}
{"message":"URL testplace.com supplied is invalid","level":"error"}
{"message":"Bookmark with id eb4583b4-ff64-42d4-9e04-01a3b70b292a created","level":"info"}
{"message":"Unauthorized request to path /bookmarks","level":"error"}
{"message":"Unauthorized request to path /bookmarks","level":"error"}
{"message":"Unauthorized request to path /bookmarks/0","level":"error"}
{"message":"Unauthorized request to path /bookmarks/0","level":"error"}
{"message":"Bookmark with id BOOKMARK_DOESN'T_EXIST not found","level":"error"}
{"message":"Bookmark with id 0 deleted.","level":"info"}
{"message":"Title is required","level":"error"}
{"message":"URL is required","level":"error"}
{"message":"Rating is required","level":"error"}
{"message":"Rating -1 supplied is invalid","level":"error"}
{"message":"URL testplace.com supplied is invalid","level":"error"}
{"message":"Bookmark with id cadebaf1-3c07-43b7-9dd7-4c58b6ce8b77 created","level":"info"}
{"message":"Unauthorized request to path /bookmarks","level":"error"}
{"message":"Unauthorized request to path /bookmarks","level":"error"}
{"message":"Unauthorized request to path /bookmarks/0","level":"error"}
{"message":"Unauthorized request to path /bookmarks/0","level":"error"}
{"message":"Bookmark with id BOOKMARK_DOESN'T_EXIST not found","level":"error"}
{"message":"Bookmark with id 2 deleted.","level":"info"}
{"message":"Title is required","level":"error"}
{"message":"URL is required","level":"error"}
{"message":"Rating is required","level":"error"}
{"message":"Rating -1 supplied is invalid","level":"error"}
{"message":"URL testplace.com supplied is invalid","level":"error"}
{"message":"Bookmark with id e1901316-6544-4f9f-b224-7cfb950ab1f7 created","level":"info"}
{"message":"Unauthorized request to path /bookmarks","level":"error"}
{"message":"Unauthorized request to path /bookmarks","level":"error"}
{"message":"Unauthorized request to path /bookmarks/0","level":"error"}
{"message":"Unauthorized request to path /bookmarks/0","level":"error"}
{"message":"Bookmark with id BOOKMARK_DOESN'T_EXIST not found","level":"error"}
{"message":"Title is required","level":"error"}
{"message":"URL is required","level":"error"}
{"message":"Rating is required","level":"error"}
{"message":"Rating -1 supplied is invalid","level":"error"}
{"message":"URL testplace.com supplied is invalid","level":"error"}
{"message":"Bookmark with id 2142f085-33df-4a96-a99f-fa7c556e45ce created","level":"info"}
{"message":"Unauthorized request to path /bookmarks","level":"error"}
{"message":"Unauthorized request to path /bookmarks","level":"error"}
{"message":"Unauthorized request to path /bookmarks/0","level":"error"}
{"message":"Unauthorized request to path /bookmarks/0","level":"error"}
{"message":"Bookmark with id BOOKMARK_DOESN'T_EXIST not found","level":"error"}
{"message":"Title is required","level":"error"}
{"message":"URL is required","level":"error"}
{"message":"Rating is required","level":"error"}
{"message":"Rating -1 supplied is invalid","level":"error"}
{"message":"URL testplace.com supplied is invalid","level":"error"}
{"message":"Bookmark with id 58a97136-7443-4d6b-913f-15fe069a7b57 created","level":"info"}
{"message":"Unauthorized request to path /bookmarks","level":"error"}
{"message":"Unauthorized request to path /bookmarks","level":"error"}
{"message":"Unauthorized request to path /bookmarks/0","level":"error"}
{"message":"Unauthorized request to path /bookmarks/0","level":"error"}
{"message":"Bookmark with id BOOKMARK_DOESN'T_EXIST not found","level":"error"}
{"message":"Bookmark with id 2 deleted.","level":"info"}
{"message":"Title is required","level":"error"}
{"message":"URL is required","level":"error"}
{"message":"Rating is required","level":"error"}
{"message":"Rating -1 supplied is invalid","level":"error"}
{"message":"URL testplace.com supplied is invalid","level":"error"}
{"message":"Bookmark with id 7b282125-1f8b-4ae2-8ba5-6d2710f9a1b7 created","level":"info"}
{"message":"Unauthorized request to path /bookmarks","level":"error"}
{"message":"Unauthorized request to path /bookmarks","level":"error"}
{"message":"Unauthorized request to path /bookmarks/0","level":"error"}
{"message":"Unauthorized request to path /bookmarks/0","level":"error"}
{"message":"Bookmark with id BOOKMARK_DOESN'T_EXIST not found","level":"error"}
{"message":"Bookmark with id 2 deleted.","level":"info"}
{"message":"Bookmark with id 2 not found","level":"error"}
{"message":"Title is required","level":"error"}
{"message":"URL is required","level":"error"}
{"message":"Rating is required","level":"error"}
{"message":"Rating -1 supplied is invalid","level":"error"}
{"message":"URL testplace.com supplied is invalid","level":"error"}
{"message":"Bookmark with id 1287d072-ba9d-4953-87c0-a43d7f349d9e created","level":"info"}
{"message":"Unauthorized request to path /bookmarks","level":"error"}
{"message":"Unauthorized request to path /bookmarks","level":"error"}
{"message":"Unauthorized request to path /bookmarks/0","level":"error"}
{"message":"Unauthorized request to path /bookmarks/0","level":"error"}
{"message":"Bookmark with id BOOKMARK_DOESN'T_EXIST not found","level":"error"}
{"message":"Bookmark with id 2 deleted.","level":"info"}
{"message":"Title is required","level":"error"}
{"message":"URL is required","level":"error"}
{"message":"Rating is required","level":"error"}
{"message":"Rating -1 supplied is invalid","level":"error"}
{"message":"URL testplace.com supplied is invalid","level":"error"}
{"message":"Bookmark with id 32184f24-8d48-457c-961d-540811e93025 created","level":"info"}
{"message":"Unauthorized request to path /bookmarks","level":"error"}
{"message":"Unauthorized request to path /bookmarks","level":"error"}
{"message":"Unauthorized request to path /bookmarks/0","level":"error"}
{"message":"Unauthorized request to path /bookmarks/0","level":"error"}
{"message":"Bookmark with id BOOKMARK_DOESN'T_EXIST not found","level":"error"}
{"message":"Bookmark with id 2 deleted.","level":"info"}
{"message":"Title is required","level":"error"}
{"message":"URL is required","level":"error"}
{"message":"Rating is required","level":"error"}
{"message":"Rating -1 supplied is invalid","level":"error"}
{"message":"URL testplace.com supplied is invalid","level":"error"}
{"message":"Bookmark with id dde7ab07-d518-4c21-b272-e4514246f0e0 created","level":"info"}
{"message":"Unauthorized request to path /bookmarks","level":"error"}
{"message":"Unauthorized request to path /bookmarks","level":"error"}
{"message":"Unauthorized request to path /bookmarks/0","level":"error"}
{"message":"Unauthorized request to path /bookmarks/0","level":"error"}
{"message":"Bookmark with id BOOKMARK_DOESN'T_EXIST not found","level":"error"}
{"message":"Bookmark with id 2 deleted.","level":"info"}
{"message":"Bookmark with id 1 deleted.","level":"info"}
{"message":"Title is required","level":"error"}
{"message":"URL is required","level":"error"}
{"message":"Rating is required","level":"error"}
{"message":"Rating -1 supplied is invalid","level":"error"}
{"message":"URL testplace.com supplied is invalid","level":"error"}
{"message":"Bookmark with id af5ea457-92e4-4ebf-9bcf-c1f5cfd8f8b3 created","level":"info"}
{"message":"Unauthorized request to path /bookmarks","level":"error"}
{"message":"Unauthorized request to path /bookmarks","level":"error"}
{"message":"Unauthorized request to path /bookmarks/0","level":"error"}
{"message":"Unauthorized request to path /bookmarks/0","level":"error"}
{"message":"Bookmark with id BOOKMARK_DOESN'T_EXIST not found","level":"error"}
{"message":"Bookmark with id 2 deleted.","level":"info"}
{"message":"Title is required","level":"error"}
{"message":"URL is required","level":"error"}
{"message":"Rating is required","level":"error"}
{"message":"Rating -1 supplied is invalid","level":"error"}
{"message":"URL testplace.com supplied is invalid","level":"error"}
{"message":"Bookmark with id c5aa447c-a60e-48c0-8830-6922816f9136 created","level":"info"}
{"message":"Unauthorized request to path /bookmarks","level":"error"}
{"message":"Unauthorized request to path /bookmarks","level":"error"}
{"message":"Unauthorized request to path /bookmarks/0","level":"error"}
{"message":"Unauthorized request to path /bookmarks/0","level":"error"}
{"message":"Bookmark with id BOOKMARK_DOESN'T_EXIST not found","level":"error"}
{"message":"Bookmark with id 2 deleted.","level":"info"}
{"message":"Title is required","level":"error"}
{"message":"URL is required","level":"error"}
{"message":"Rating is required","level":"error"}
{"message":"Rating -1 supplied is invalid","level":"error"}
{"message":"URL testplace.com supplied is invalid","level":"error"}
{"message":"Bookmark with id 7e1a2eb6-0e4c-4cbf-8e02-911e8c7de8d4 created","level":"info"}
{"message":"Bookmark with id 1 deleted.","level":"info"}
{"message":"Bookmark with id 1 deleted.","level":"info"}
{"message":"Unauthorized request to path /bookmarks","level":"error"}
{"message":"Unauthorized request to path /bookmarks","level":"error"}
{"message":"Unauthorized request to path /bookmarks/0","level":"error"}
{"message":"Unauthorized request to path /bookmarks/0","level":"error"}
{"message":"Bookmark with id BOOKMARK_DOESN'T_EXIST not found","level":"error"}
{"message":"Bookmark with id 2 deleted.","level":"info"}
{"message":"Bookmark with id 1 deleted.","level":"info"}
{"message":"Title is required","level":"error"}
{"message":"URL is required","level":"error"}
{"message":"Rating is required","level":"error"}
{"message":"Rating -1 supplied is invalid","level":"error"}
{"message":"URL testplace.com supplied is invalid","level":"error"}
{"message":"Bookmark with id 249c8bf2-f79d-42c1-867f-9840b3287524 created","level":"info"}
{"message":"Unauthorized request to path /bookmarks","level":"error"}
{"message":"Unauthorized request to path /bookmarks","level":"error"}
{"message":"Unauthorized request to path /bookmarks/0","level":"error"}
{"message":"Unauthorized request to path /bookmarks/0","level":"error"}
{"message":"Bookmark with id BOOKMARK_DOESN'T_EXIST not found","level":"error"}
{"message":"Bookmark with id 2 deleted.","level":"info"}
{"message":"Bookmark with id 1 deleted.","level":"info"}
{"message":"Title is required","level":"error"}
{"message":"URL is required","level":"error"}
{"message":"Rating is required","level":"error"}
{"message":"Rating -1 supplied is invalid","level":"error"}
{"message":"URL testplace.com supplied is invalid","level":"error"}
{"message":"Bookmark with id 9b188186-67e2-4ce5-8906-bc29bea5ed5d created","level":"info"}
{"message":"Unauthorized request to path /bookmarks","level":"error"}
{"message":"Unauthorized request to path /bookmarks","level":"error"}
{"message":"Unauthorized request to path /bookmarks/0","level":"error"}
{"message":"Unauthorized request to path /bookmarks/0","level":"error"}
{"message":"Bookmark with id BOOKMARK_DOESN'T_EXIST not found","level":"error"}
{"message":"Bookmark with id 2 deleted.","level":"info"}
{"message":"Bookmark with id 1 deleted.","level":"info"}
{"message":"Title is required","level":"error"}
{"message":"URL is required","level":"error"}
{"message":"Rating is required","level":"error"}
{"message":"Rating -1 supplied is invalid","level":"error"}
{"message":"URL testplace.com supplied is invalid","level":"error"}
{"message":"Bookmark with id 30ff680f-f7c4-4c03-b0ac-731953e6e0af created","level":"info"}
{"message":"Unauthorized request to path /bookmarks","level":"error"}
{"message":"Unauthorized request to path /bookmarks","level":"error"}
{"message":"Unauthorized request to path /bookmarks/0","level":"error"}
{"message":"Unauthorized request to path /bookmarks/0","level":"error"}
{"message":"Bookmark with id BOOKMARK_DOESN'T_EXIST not found","level":"error"}
{"message":"Bookmark with id 2 deleted.","level":"info"}
{"message":"Bookmark with id 1 deleted.","level":"info"}
{"message":"Title is required","level":"error"}
{"message":"URL is required","level":"error"}
{"message":"Rating is required","level":"error"}
{"message":"Rating -1 supplied is invalid","level":"error"}
{"message":"URL testplace.com supplied is invalid","level":"error"}
{"message":"Bookmark with id d6a728f4-0c08-42e9-9d78-ac6de996b8c6 created","level":"info"}
{"message":"Unauthorized request to path /bookmarks","level":"error"}
{"message":"Unauthorized request to path /bookmarks","level":"error"}
{"message":"Unauthorized request to path /bookmarks/0","level":"error"}
{"message":"Unauthorized request to path /bookmarks/0","level":"error"}
{"message":"Bookmark with id BOOKMARK_DOESN'T_EXIST not found","level":"error"}
{"message":"Bookmark with id 2 deleted.","level":"info"}
{"message":"Bookmark with id 1 deleted.","level":"info"}
{"message":"Title is required","level":"error"}
{"message":"URL is required","level":"error"}
{"message":"Rating is required","level":"error"}
{"message":"Rating -1 supplied is invalid","level":"error"}
{"message":"URL testplace.com supplied is invalid","level":"error"}
{"message":"Bookmark with id 57cf8c5f-ad43-44fa-8bf8-195704b88ae2 created","level":"info"}
{"message":"Unauthorized request to path /bookmarks","level":"error"}
{"message":"Unauthorized request to path /bookmarks","level":"error"}
{"message":"Unauthorized request to path /bookmarks/0","level":"error"}
{"message":"Unauthorized request to path /bookmarks/0","level":"error"}
{"message":"Bookmark with id BOOKMARK_DOESN'T_EXIST not found","level":"error"}
{"message":"Bookmark with id 2 deleted.","level":"info"}
{"message":"Bookmark with id 1 deleted.","level":"info"}
{"message":"Title is required","level":"error"}
{"message":"URL is required","level":"error"}
{"message":"Rating is required","level":"error"}
{"message":"Rating -1 supplied is invalid","level":"error"}
{"message":"URL testplace.com supplied is invalid","level":"error"}
{"message":"Bookmark with id 62e1b10f-f717-4982-8906-2d61696d6c4b created","level":"info"}
{"message":"Unauthorized request to path /bookmarks","level":"error"}
{"message":"Unauthorized request to path /bookmarks","level":"error"}
{"message":"Unauthorized request to path /bookmarks/0","level":"error"}
{"message":"Unauthorized request to path /bookmarks/0","level":"error"}
{"message":"Bookmark with id BOOKMARK_DOESN'T_EXIST not found","level":"error"}
{"message":"Bookmark with id 2 deleted.","level":"info"}
{"message":"Bookmark with id 1 deleted.","level":"info"}
{"message":"Title is required","level":"error"}
{"message":"URL is required","level":"error"}
{"message":"Rating is required","level":"error"}
{"message":"Rating -1 supplied is invalid","level":"error"}
{"message":"URL testplace.com supplied is invalid","level":"error"}
{"message":"Bookmark with id ad465bcf-07b2-4de6-bbb0-69b4463b0d6d created","level":"info"}
{"message":"Unauthorized request to path /bookmarks","level":"error"}
{"message":"Unauthorized request to path /bookmarks","level":"error"}
{"message":"Unauthorized request to path /bookmarks/0","level":"error"}
{"message":"Unauthorized request to path /bookmarks/0","level":"error"}
{"message":"Bookmark with id BOOKMARK_DOESN'T_EXIST not found","level":"error"}
{"message":"Bookmark with id 2 deleted.","level":"info"}
{"message":"Bookmark with id 1 deleted.","level":"info"}
{"message":"Title is required","level":"error"}
{"message":"URL is required","level":"error"}
{"message":"Rating is required","level":"error"}
{"message":"Rating -1 supplied is invalid","level":"error"}
{"message":"URL testplace.com supplied is invalid","level":"error"}
{"message":"Bookmark with id 3994524a-5ade-4f89-a09c-64f4faf1f901 created","level":"info"}
{"message":"Unauthorized request to path /bookmarks","level":"error"}
{"message":"Unauthorized request to path /bookmarks","level":"error"}
{"message":"Unauthorized request to path /bookmarks/0","level":"error"}
{"message":"Unauthorized request to path /bookmarks/0","level":"error"}
{"message":"Bookmark with id BOOKMARK_DOESN'T_EXIST not found","level":"error"}
{"message":"Bookmark with id 2 deleted.","level":"info"}
{"message":"Bookmark with id 1 deleted.","level":"info"}
{"message":"Title is required","level":"error"}
{"message":"URL is required","level":"error"}
{"message":"Rating is required","level":"error"}
{"message":"Rating -1 supplied is invalid","level":"error"}
{"message":"URL testplace.com supplied is invalid","level":"error"}
{"message":"Bookmark with id 9fbcbc01-ea25-4877-973a-457b686ccdaa created","level":"info"}
{"message":"Unauthorized request to path /bookmarks","level":"error"}
{"message":"Unauthorized request to path /bookmarks","level":"error"}
{"message":"Unauthorized request to path /bookmarks/0","level":"error"}
{"message":"Unauthorized request to path /bookmarks/0","level":"error"}
{"message":"Bookmark with id BOOKMARK_DOESN'T_EXIST not found","level":"error"}
{"message":"Bookmark with id 2 deleted.","level":"info"}
{"message":"Bookmark with id 1 deleted.","level":"info"}
{"message":"Title is required","level":"error"}
{"message":"URL is required","level":"error"}
{"message":"Rating is required","level":"error"}
{"message":"Rating -1 supplied is invalid","level":"error"}
{"message":"URL testplace.com supplied is invalid","level":"error"}
{"message":"Bookmark with id 01763ef6-72fa-4ccd-9196-c71b70789bfc created","level":"info"}
{"message":"Unauthorized request to path /bookmarks","level":"error"}
{"message":"Unauthorized request to path /bookmarks","level":"error"}
{"message":"Unauthorized request to path /bookmarks/0","level":"error"}
{"message":"Unauthorized request to path /bookmarks/0","level":"error"}
{"message":"Bookmark with id BOOKMARK_DOESN'T_EXIST not found","level":"error"}
{"message":"Bookmark with id 2 deleted.","level":"info"}
{"message":"Bookmark with id 1 deleted.","level":"info"}
{"message":"Title is required","level":"error"}
{"message":"URL is required","level":"error"}
{"message":"Rating is required","level":"error"}
{"message":"Rating -1 supplied is invalid","level":"error"}
{"message":"URL testplace.com supplied is invalid","level":"error"}
{"message":"Bookmark with id 73de3690-ea22-4566-9e63-632c40344599 created","level":"info"}
{"message":"Unauthorized request to path /bookmarks","level":"error"}
{"message":"Unauthorized request to path /bookmarks","level":"error"}
{"message":"Unauthorized request to path /bookmarks/0","level":"error"}
{"message":"Unauthorized request to path /bookmarks/0","level":"error"}
{"message":"Bookmark with id BOOKMARK_DOESN'T_EXIST not found","level":"error"}
{"message":"Bookmark with id 1 deleted.","level":"info"}
{"message":"Title is required","level":"error"}
{"message":"URL is required","level":"error"}
{"message":"Rating is required","level":"error"}
{"message":"Rating -1 supplied is invalid","level":"error"}
{"message":"URL testplace.com supplied is invalid","level":"error"}
{"message":"Bookmark with id 647a6b64-6470-492e-8608-f0d47ad32e32 created","level":"info"}
{"message":"Unauthorized request to path /bookmarks","level":"error"}
{"message":"Unauthorized request to path /bookmarks","level":"error"}
{"message":"Unauthorized request to path /bookmarks/0","level":"error"}
{"message":"Unauthorized request to path /bookmarks/0","level":"error"}
{"message":"Bookmark with id BOOKMARK_DOESN'T_EXIST not found","level":"error"}
{"message":"Bookmark with id 1 deleted.","level":"info"}
{"message":"Title is required","level":"error"}
{"message":"URL is required","level":"error"}
{"message":"Rating is required","level":"error"}
{"message":"Rating -1 supplied is invalid","level":"error"}
{"message":"URL testplace.com supplied is invalid","level":"error"}
{"message":"Bookmark with id c5db54c5-2677-4e82-a8f0-82c5ee27e91b created","level":"info"}
{"message":"Unauthorized request to path /bookmarks","level":"error"}
{"message":"Unauthorized request to path /bookmarks","level":"error"}
{"message":"Unauthorized request to path /bookmarks/0","level":"error"}
{"message":"Unauthorized request to path /bookmarks/0","level":"error"}
{"message":"Bookmark with id BOOKMARK_DOESN'T_EXIST not found","level":"error"}
{"message":"Bookmark with id 1 deleted.","level":"info"}
{"message":"Title is required","level":"error"}
{"message":"URL is required","level":"error"}
{"message":"Rating is required","level":"error"}
{"message":"Rating -1 supplied is invalid","level":"error"}
{"message":"URL testplace.com supplied is invalid","level":"error"}
{"message":"Bookmark with id bf8ac701-6f38-4a32-a23f-0814b05330ec created","level":"info"}
{"message":"Unauthorized request to path /bookmarks","level":"error"}
{"message":"Unauthorized request to path /bookmarks","level":"error"}
{"message":"Unauthorized request to path /bookmarks/0","level":"error"}
{"message":"Unauthorized request to path /bookmarks/0","level":"error"}
{"message":"Bookmark with id BOOKMARK_DOESN'T_EXIST not found","level":"error"}
{"message":"Bookmark with id 1 deleted.","level":"info"}
{"message":"Title is required","level":"error"}
{"message":"URL is required","level":"error"}
{"message":"Rating is required","level":"error"}
{"message":"Rating -1 supplied is invalid","level":"error"}
{"message":"URL testplace.com supplied is invalid","level":"error"}
{"message":"Bookmark with id 90b5151e-6052-4cf6-9592-27c7b08e8551 created","level":"info"}
{"message":"Unauthorized request to path /bookmarks","level":"error"}
{"message":"Unauthorized request to path /bookmarks","level":"error"}
{"message":"Unauthorized request to path /bookmarks/0","level":"error"}
{"message":"Unauthorized request to path /bookmarks/0","level":"error"}
{"message":"Bookmark with id BOOKMARK_DOESN'T_EXIST not found","level":"error"}
{"message":"Bookmark with id 1 deleted.","level":"info"}
{"message":"Title is required","level":"error"}
{"message":"URL is required","level":"error"}
{"message":"Rating is required","level":"error"}
{"message":"Rating -1 supplied is invalid","level":"error"}
{"message":"URL testplace.com supplied is invalid","level":"error"}
{"message":"Bookmark with id d49e9125-0645-42cd-9328-e30eceaa1d4b created","level":"info"}
{"message":"Unauthorized request to path /bookmarks","level":"error"}
{"message":"Unauthorized request to path /bookmarks","level":"error"}
{"message":"Unauthorized request to path /bookmarks/0","level":"error"}
{"message":"Unauthorized request to path /bookmarks/0","level":"error"}
{"message":"Bookmark with id BOOKMARK_DOESN'T_EXIST not found","level":"error"}
{"message":"Bookmark with id 2 deleted.","level":"info"}
{"message":"Title is required","level":"error"}
{"message":"URL is required","level":"error"}
{"message":"Rating is required","level":"error"}
{"message":"Rating -1 supplied is invalid","level":"error"}
{"message":"URL testplace.com supplied is invalid","level":"error"}
{"message":"Bookmark with id 67cf2211-5818-49ae-86bb-13d6f45a53b0 created","level":"info"}
{"message":"Unauthorized request to path /bookmarks","level":"error"}
{"message":"Unauthorized request to path /bookmarks","level":"error"}
{"message":"Unauthorized request to path /bookmarks/0","level":"error"}
{"message":"Unauthorized request to path /bookmarks/0","level":"error"}
{"message":"Bookmark with id BOOKMARK_DOESN'T_EXIST not found","level":"error"}
{"message":"Bookmark with id 2 deleted.","level":"info"}
{"message":"Title is required","level":"error"}
{"message":"URL is required","level":"error"}
{"message":"Rating is required","level":"error"}
{"message":"Rating -1 supplied is invalid","level":"error"}
{"message":"URL testplace.com supplied is invalid","level":"error"}
{"message":"Bookmark with id eb041dd9-c790-4a19-989c-5ef1710278e1 created","level":"info"}
{"message":"Unauthorized request to path /bookmarks","level":"error"}
{"message":"Unauthorized request to path /bookmarks","level":"error"}
{"message":"Unauthorized request to path /bookmarks/0","level":"error"}
{"message":"Unauthorized request to path /bookmarks/0","level":"error"}
{"message":"Bookmark with id BOOKMARK_DOESN'T_EXIST not found","level":"error"}
{"message":"Bookmark with id 2 deleted.","level":"info"}
{"message":"Bookmark with id 1 deleted.","level":"info"}
{"message":"Title is required","level":"error"}
{"message":"URL is required","level":"error"}
{"message":"Rating is required","level":"error"}
{"message":"Rating -1 supplied is invalid","level":"error"}
{"message":"URL testplace.com supplied is invalid","level":"error"}
{"message":"Bookmark with id 98858ac4-1339-4c5e-b63b-00e94499b3dd created","level":"info"}
{"message":"Unauthorized request to path /bookmarks","level":"error"}
{"message":"Unauthorized request to path /bookmarks","level":"error"}
{"message":"Unauthorized request to path /bookmarks/0","level":"error"}
{"message":"Unauthorized request to path /bookmarks/0","level":"error"}
{"message":"Bookmark with id BOOKMARK_DOESN'T_EXIST not found","level":"error"}
{"message":"Bookmark with id 2 deleted.","level":"info"}
{"message":"Bookmark with id 1 deleted.","level":"info"}
{"message":"Title is required","level":"error"}
{"message":"URL is required","level":"error"}
{"message":"Rating is required","level":"error"}
{"message":"Rating -1 supplied is invalid","level":"error"}
{"message":"URL testplace.com supplied is invalid","level":"error"}
{"message":"Bookmark with id f8e4e556-5be3-4a21-8fb6-7b493b47753e created","level":"info"}
{"message":"Bookmark with id 27181edd-536a-454c-bb9a-da4dc6502a82 created","level":"info"}
{"message":"Unauthorized request to path /bookmarks","level":"error"}
{"message":"Unauthorized request to path /bookmarks","level":"error"}
{"message":"Unauthorized request to path /bookmarks/0","level":"error"}
{"message":"Unauthorized request to path /bookmarks/0","level":"error"}
{"message":"Bookmark with id BOOKMARK_DOESN'T_EXIST not found","level":"error"}
{"message":"Bookmark with id 2 deleted.","level":"info"}
{"message":"Bookmark with id 1 deleted.","level":"info"}
{"message":"Title is required","level":"error"}
{"message":"URL is required","level":"error"}
{"message":"Rating is required","level":"error"}
{"message":"Rating -1 supplied is invalid","level":"error"}
{"message":"URL testplace.com supplied is invalid","level":"error"}
{"message":"Bookmark with id b861466a-61a7-4423-9c64-e12d8e083be2 created","level":"info"}
{"message":"Bookmark with id 43cf1562-b411-4202-ac4e-feee32c70156 created","level":"info"}
{"message":"Unauthorized request to path /bookmarks","level":"error"}
{"message":"Unauthorized request to path /bookmarks","level":"error"}
{"message":"Unauthorized request to path /bookmarks/0","level":"error"}
{"message":"Unauthorized request to path /bookmarks/0","level":"error"}
{"message":"Bookmark with id BOOKMARK_DOESN'T_EXIST not found","level":"error"}
{"message":"Bookmark with id 2 deleted.","level":"info"}
{"message":"Bookmark with id 1 deleted.","level":"info"}
{"message":"Title is required","level":"error"}
{"message":"URL is required","level":"error"}
{"message":"Rating is required","level":"error"}
{"message":"Rating -1 supplied is invalid","level":"error"}
{"message":"URL testplace.com supplied is invalid","level":"error"}
{"message":"Bookmark with id 9730f887-eb26-438b-a5e3-3af9be697349 created","level":"info"}
{"message":"Unauthorized request to path /bookmarks","level":"error"}
{"message":"Unauthorized request to path /bookmarks","level":"error"}
{"message":"Unauthorized request to path /bookmarks/0","level":"error"}
{"message":"Unauthorized request to path /bookmarks/0","level":"error"}
{"message":"Bookmark with id BOOKMARK_DOESN'T_EXIST not found","level":"error"}
{"message":"Bookmark with id 2 deleted.","level":"info"}
{"message":"Bookmark with id 1 deleted.","level":"info"}
{"message":"Title is required","level":"error"}
{"message":"URL is required","level":"error"}
{"message":"Rating is required","level":"error"}
{"message":"Rating -1 supplied is invalid","level":"error"}
{"message":"URL testplace.com supplied is invalid","level":"error"}
{"message":"Bookmark with id a9b1ac66-8241-4072-a7ad-c7d493cd9c39 created","level":"info"}
{"message":"Unauthorized request to path /bookmarks","level":"error"}
{"message":"Unauthorized request to path /bookmarks","level":"error"}
{"message":"Unauthorized request to path /bookmarks/0","level":"error"}
{"message":"Unauthorized request to path /bookmarks/0","level":"error"}
{"message":"Bookmark with id BOOKMARK_DOESN'T_EXIST not found","level":"error"}
{"message":"Bookmark with id 2 deleted.","level":"info"}
{"message":"Bookmark with id 1 deleted.","level":"info"}
{"message":"Title is required","level":"error"}
{"message":"URL is required","level":"error"}
{"message":"Rating is required","level":"error"}
{"message":"Rating -1 supplied is invalid","level":"error"}
{"message":"URL testplace.com supplied is invalid","level":"error"}
{"message":"Bookmark with id 97e1c0fe-ddfd-4e77-9593-83e52e327de2 created","level":"info"}
{"message":"Unauthorized request to path /bookmarks","level":"error"}
{"message":"Unauthorized request to path /bookmarks","level":"error"}
{"message":"Unauthorized request to path /bookmarks/0","level":"error"}
{"message":"Unauthorized request to path /bookmarks/0","level":"error"}
{"message":"Bookmark with id BOOKMARK_DOESN'T_EXIST not found","level":"error"}
{"message":"Bookmark with id 2 deleted.","level":"info"}
{"message":"Bookmark with id 1 deleted.","level":"info"}
{"message":"Title is required","level":"error"}
{"message":"URL is required","level":"error"}
{"message":"Rating is required","level":"error"}
{"message":"Rating -1 supplied is invalid","level":"error"}
{"message":"URL testplace.com supplied is invalid","level":"error"}
{"message":"Bookmark with id fdcc61cb-3f5a-48d4-8748-7f979e9204e3 created","level":"info"}
